<?xml version="1.0" encoding="UTF-8"?>
<testsuite name="SILab2Test" tests="2" skipped="0" failures="0" errors="0" timestamp="2020-06-14T06:57:33" hostname="LAPTOP-Martin" time="0.025">
  <properties/>
  <testcase name="EveryPath()" classname="SILab2Test" time="0.02"/>
  <testcase name="EveryBranch()" classname="SILab2Test" time="0.003"/>
  <system-out><![CDATA[]]></system-out>
  <system-err><![CDATA[]]></system-err>
</testsuite>
