<?xml version="1.0" encoding="UTF-8"?>
<testsuite name="SILab2Test" tests="2" skipped="0" failures="0" errors="0" timestamp="2020-06-13T21:37:20" hostname="LAPTOP-Martin" time="0.024">
  <properties/>
  <testcase name="Path()" classname="SILab2Test" time="0.013"/>
  <testcase name="Branch()" classname="SILab2Test" time="0.009"/>
  <system-out><![CDATA[]]></system-out>
  <system-err><![CDATA[]]></system-err>
</testsuite>
